Disconnected from the target VM, address: '127.0.0.1:49880', transport: 'socket'
2024-10-15 03\:15\:27 [SpringApplicationShutdownHook] DEBUG o.s.b.a.ApplicationAvailabilityBean - Caller+0	 at org.springframework.boot.availability.ApplicationAvailabilityBean.onApplicationEvent(ApplicationAvailabilityBean.java:77)
 ------------ Application availability state ReadinessState changed from ACCEPTING_TRAFFIC to REFUSING_TRAFFIC ------------
2024-10-15 03\:15\:27 [SpringApplicationShutdownHook] DEBUG o.s.b.w.s.c.AnnotationConfigServletWebServerApplicationContext - Caller+0	 at org.springframework.context.support.AbstractApplicationContext.doClose(AbstractApplicationContext.java:1049)
 ------------ Closing org.springframework.boot.web.servlet.context.AnnotationConfigServletWebServerApplicationContext@3b220bcb, started on Tue Oct 15 10:35:22 CST 2024 ------------
2024-10-15 03\:15\:27 [SpringApplicationShutdownHook] DEBUG o.s.b.c.p.s.ConfigurationPropertySourcesPropertyResolver$DefaultResolver - Caller+0	 at org.springframework.core.env.PropertySourcesPropertyResolver.logKeyFound(PropertySourcesPropertyResolver.java:115)
 ------------ Found key 'spring.liveBeansView.mbeanDomain' in PropertySource 'systemProperties' with value of type String ------------
2024-10-15 03\:15\:27 [SpringApplicationShutdownHook] DEBUG o.s.c.s.DefaultLifecycleProcessor - Caller+0	 at org.springframework.context.support.DefaultLifecycleProcessor$LifecycleGroup.stop(DefaultLifecycleProcessor.java:365)
 ------------ Stopping beans in phase 2147483647 ------------
2024-10-15 03\:15\:27 [SpringApplicationShutdownHook] DEBUG o.s.c.s.DefaultLifecycleProcessor - Caller+0	 at org.springframework.context.support.DefaultLifecycleProcessor.lambda$doStop$3(DefaultLifecycleProcessor.java:238)
 ------------ Bean 'webServerGracefulShutdown' completed its stop procedure ------------
2024-10-15 03\:15\:27 [SpringApplicationShutdownHook] DEBUG o.s.c.s.DefaultLifecycleProcessor - Caller+0	 at org.springframework.context.support.DefaultLifecycleProcessor$LifecycleGroup.stop(DefaultLifecycleProcessor.java:365)
 ------------ Stopping beans in phase 2147483646 ------------
2024-10-15 03\:15\:27 [SpringApplicationShutdownHook] DEBUG o.s.c.s.DefaultLifecycleProcessor - Caller+0	 at org.springframework.context.support.DefaultLifecycleProcessor.lambda$doStop$3(DefaultLifecycleProcessor.java:238)
 ------------ Bean 'webServerStartStop' completed its stop procedure ------------
2024-10-15 03\:15\:27 [SpringApplicationShutdownHook] DEBUG o.s.b.a.e.jmx.JmxEndpointExporter - Caller+0	 at org.springframework.boot.actuate.endpoint.jmx.JmxEndpointExporter.unregister(JmxEndpointExporter.java:116)
 ------------ Unregister endpoint with ObjectName 'org.springframework.boot:type=Endpoint,name=Beans' from the JMX domain ------------
2024-10-15 03\:15\:27 [SpringApplicationShutdownHook] DEBUG o.s.b.a.e.jmx.JmxEndpointExporter - Caller+0	 at org.springframework.boot.actuate.endpoint.jmx.JmxEndpointExporter.unregister(JmxEndpointExporter.java:116)
 ------------ Unregister endpoint with ObjectName 'org.springframework.boot:type=Endpoint,name=Caches' from the JMX domain ------------
2024-10-15 03\:15\:27 [SpringApplicationShutdownHook] DEBUG o.s.b.a.e.jmx.JmxEndpointExporter - Caller+0	 at org.springframework.boot.actuate.endpoint.jmx.JmxEndpointExporter.unregister(JmxEndpointExporter.java:116)
 ------------ Unregister endpoint with ObjectName 'org.springframework.boot:type=Endpoint,name=Health' from the JMX domain ------------
2024-10-15 03\:15\:27 [SpringApplicationShutdownHook] DEBUG o.s.b.a.e.jmx.JmxEndpointExporter - Caller+0	 at org.springframework.boot.actuate.endpoint.jmx.JmxEndpointExporter.unregister(JmxEndpointExporter.java:116)
 ------------ Unregister endpoint with ObjectName 'org.springframework.boot:type=Endpoint,name=Info' from the JMX domain ------------
2024-10-15 03\:15\:27 [SpringApplicationShutdownHook] DEBUG o.s.b.a.e.jmx.JmxEndpointExporter - Caller+0	 at org.springframework.boot.actuate.endpoint.jmx.JmxEndpointExporter.unregister(JmxEndpointExporter.java:116)
 ------------ Unregister endpoint with ObjectName 'org.springframework.boot:type=Endpoint,name=Conditions' from the JMX domain ------------
2024-10-15 03\:15\:27 [SpringApplicationShutdownHook] DEBUG o.s.b.a.e.jmx.JmxEndpointExporter - Caller+0	 at org.springframework.boot.actuate.endpoint.jmx.JmxEndpointExporter.unregister(JmxEndpointExporter.java:116)
 ------------ Unregister endpoint with ObjectName 'org.springframework.boot:type=Endpoint,name=Configprops' from the JMX domain ------------
2024-10-15 03\:15\:27 [SpringApplicationShutdownHook] DEBUG o.s.b.a.e.jmx.JmxEndpointExporter - Caller+0	 at org.springframework.boot.actuate.endpoint.jmx.JmxEndpointExporter.unregister(JmxEndpointExporter.java:116)
 ------------ Unregister endpoint with ObjectName 'org.springframework.boot:type=Endpoint,name=Env' from the JMX domain ------------
2024-10-15 03\:15\:27 [SpringApplicationShutdownHook] DEBUG o.s.b.a.e.jmx.JmxEndpointExporter - Caller+0	 at org.springframework.boot.actuate.endpoint.jmx.JmxEndpointExporter.unregister(JmxEndpointExporter.java:116)
 ------------ Unregister endpoint with ObjectName 'org.springframework.boot:type=Endpoint,name=Loggers' from the JMX domain ------------
2024-10-15 03\:15\:27 [SpringApplicationShutdownHook] DEBUG o.s.b.a.e.jmx.JmxEndpointExporter - Caller+0	 at org.springframework.boot.actuate.endpoint.jmx.JmxEndpointExporter.unregister(JmxEndpointExporter.java:116)
 ------------ Unregister endpoint with ObjectName 'org.springframework.boot:type=Endpoint,name=Threaddump' from the JMX domain ------------
2024-10-15 03\:15\:27 [SpringApplicationShutdownHook] DEBUG o.s.b.a.e.jmx.JmxEndpointExporter - Caller+0	 at org.springframework.boot.actuate.endpoint.jmx.JmxEndpointExporter.unregister(JmxEndpointExporter.java:116)
 ------------ Unregister endpoint with ObjectName 'org.springframework.boot:type=Endpoint,name=Metrics' from the JMX domain ------------
2024-10-15 03\:15\:27 [SpringApplicationShutdownHook] DEBUG o.s.b.a.e.jmx.JmxEndpointExporter - Caller+0	 at org.springframework.boot.actuate.endpoint.jmx.JmxEndpointExporter.unregister(JmxEndpointExporter.java:116)
 ------------ Unregister endpoint with ObjectName 'org.springframework.boot:type=Endpoint,name=Scheduledtasks' from the JMX domain ------------
2024-10-15 03\:15\:27 [SpringApplicationShutdownHook] DEBUG o.s.b.a.e.jmx.JmxEndpointExporter - Caller+0	 at org.springframework.boot.actuate.endpoint.jmx.JmxEndpointExporter.unregister(JmxEndpointExporter.java:116)
 ------------ Unregister endpoint with ObjectName 'org.springframework.boot:type=Endpoint,name=Mappings' from the JMX domain ------------
2024-10-15 03\:15\:27 [SpringApplicationShutdownHook] DEBUG o.s.j.e.a.AnnotationMBeanExporter - Caller+0	 at org.springframework.jmx.export.MBeanExporter.destroy(MBeanExporter.java:452)
 ------------ Unregistering JMX-exposed beans on shutdown ------------
2024-10-15 03\:15\:27 [SpringApplicationShutdownHook] DEBUG o.s.s.c.ThreadPoolTaskExecutor - Caller+0	 at org.springframework.scheduling.concurrent.ExecutorConfigurationSupport.shutdown(ExecutorConfigurationSupport.java:218)
 ------------ Shutting down ExecutorService 'applicationTaskExecutor' ------------
Process finished with exit code 130
